<?xml version="1.0" encoding="UTF-8"?>
<!-- Generated by org.testng.reporters.JUnitXMLReporter -->
<testsuite ignored="4" hostname="LAPTOP-LK1GIISB" failures="0" tests="3" name="Test" time="125.334" errors="0" timestamp="2025-09-04T17:02:41 IST">
  <testcase classname="com.functional.tests.Product_Functional_1_10" name="verifyFunctionalCases" time="27.108"/>
  <testcase classname="com.functional.tests.Product_Functional_11_20" name="verifyProductFunctional_11_20" time="63.071"/>
  <testcase classname="com.functional.tests.Product_Functional_21_33" name="verifyProductFunctional_21_33" time="26.342"/>
  <testcase classname="com.product.Base.BaseTest" name="@AfterSuite afterSuite" time="0.0">
    <ignored/>
  </testcase> <!-- @AfterSuite afterSuite -->
  <testcase classname="com.product.Base.BaseTest" name="@BeforeSuite beforeSuite" time="0.0">
    <ignored/>
  </testcase> <!-- @BeforeSuite beforeSuite -->
  <testcase classname="com.product.Base.BaseTest" name="@AfterSuite afterSuite" time="0.0">
    <ignored/>
  </testcase> <!-- @AfterSuite afterSuite -->
  <testcase classname="com.product.Base.BaseTest" name="@BeforeSuite beforeSuite" time="0.0">
    <ignored/>
  </testcase> <!-- @BeforeSuite beforeSuite -->
</testsuite> <!-- Test -->
