<?xml version="1.0" encoding="UTF-8"?>
<!-- Generated by org.testng.reporters.JUnitXMLReporter -->
<testsuite ignored="0" hostname="LAPTOP-LK1GIISB" failures="0" tests="19" name="TestCasesPageTest" time="158.466" errors="0" timestamp="2025-09-13T20:46:35 IST">
  <testcase classname="com.ui.tests.TestCasesPageTestSuite" name="TC_Test_Cases_01_PageLoadsSuccessfully" time="2.049"/>
  <testcase classname="com.ui.tests.TestCasesPageTestSuite" name="TC_Test_Cases_02_AllTestCaseLinksPresent" time="2.485"/>
  <testcase classname="com.ui.tests.TestCasesPageTestSuite" name="TC_Test_Cases_03_TestCasesSeparatedByRows" time="3.086"/>
  <testcase classname="com.ui.tests.TestCasesPageTestSuite" name="TC_Test_Cases_04_TestCaseLinksClickable" time="2.165"/>
  <testcase classname="com.ui.tests.TestCasesPageTestSuite" name="TC_Test_Cases_05_ClickingLinkOpensDetails" time="6.983"/>
  <testcase classname="com.ui.tests.TestCasesPageTestSuite" name="TC_Test_Cases_06_FeedbackSectionPresent" time="4.395"/>
  <testcase classname="com.ui.tests.TestCasesPageTestSuite" name="TC_Test_Cases_07_URLVisibleAndWorking" time="10.074"/>
  <testcase classname="com.ui.tests.TestCasesPageTestSuite" name="TC_Test_Cases_08_FeedbackEmailOpensMailApp" time="1.401"/>
  <testcase classname="com.ui.tests.TestCasesPageTestSuite" name="TC_Test_Cases_11_ScrollToTopButton" time="6.666"/>
  <testcase classname="com.ui.tests.TestCasesPageTestSuite" name="TC_Test_Cases_14_HomeLinkNavigation" time="17.635"/>
  <testcase classname="com.ui.tests.TestCasesPageTestSuite" name="TC_Test_Cases_15_ProductsLinkNavigation" time="12.555"/>
  <testcase classname="com.ui.tests.TestCasesPageTestSuite" name="TC_Test_Cases_16_CartLinkNavigation" time="9.339"/>
  <testcase classname="com.ui.tests.TestCasesPageTestSuite" name="TC_Test_Cases_17_SignUpLoginLinkNavigation" time="6.147"/>
  <testcase classname="com.ui.tests.TestCasesPageTestSuite" name="TC_Test_Cases_18_TestCasesLinkNavigation" time="5.304"/>
  <testcase classname="com.ui.tests.TestCasesPageTestSuite" name="TC_Test_Cases_19_APITestingLinkNavigation" time="6.845"/>
  <testcase classname="com.ui.tests.TestCasesPageTestSuite" name="TC_Test_Cases_20_VideoTutorialsLinkNavigation" time="16.245"/>
  <testcase classname="com.ui.tests.TestCasesPageTestSuite" name="TC_Test_Cases_21_ContactUsLinkNavigation" time="7.335"/>
  <testcase classname="com.ui.tests.TestCasesPageTestSuite" name="TC_Test_Cases_22_ScrollBarFunctionality" time="5.047"/>
  <testcase classname="com.ui.tests.TestCasesPageTestSuite" name="TC_Test_Cases_23_ResponsivenessTestCases" time="5.946"/>
</testsuite> <!-- TestCasesPageTest -->
