<?xml version="1.0" encoding="UTF-8"?>
<!-- Generated by org.testng.reporters.JUnitXMLReporter -->
<testsuite ignored="2" hostname="LAPTOP-LK1GIISB" failures="1" tests="9" name="Test" time="195.353" errors="0" timestamp="2025-09-12T21:00:12 IST">
  <testcase classname="com.ui.datadriven.ProductDataDrivenTest" name="productTests" time="22.78"/>
  <testcase classname="com.ui.datadriven.ProductDataDrivenTest" name="productTests" time="22.681"/>
  <testcase classname="com.ui.datadriven.ProductDataDrivenTest" name="productTests" time="21.585"/>
  <testcase classname="com.ui.datadriven.ProductDataDrivenTest" name="productTests" time="12.598"/>
  <testcase classname="com.ui.datadriven.ProductDataDrivenTest" name="productTests" time="23.012"/>
  <testcase classname="com.ui.datadriven.ProductDataDrivenTest" name="productTests" time="13.43"/>
  <testcase classname="com.ui.datadriven.ProductDataDrivenTest" name="productTests" time="30.707"/>
  <testcase classname="com.ui.datadriven.ProductDataDrivenTest" name="productTests" time="18.198"/>
  <testcase classname="com.ui.tests.Product_UI" name="verifyUICases" time="0.012">
    <failure type="java.lang.NullPointerException" message="Cannot invoke &amp;quot;com.aventstack.extentreports.ExtentReports.createTest(String)&amp;quot; because &amp;quot;this.extent&amp;quot; is null">
      <![CDATA[java.lang.NullPointerException: Cannot invoke "com.aventstack.extentreports.ExtentReports.createTest(String)" because "this.extent" is null
at com.ui.tests.Product_UI.verifyUICases(Product_UI.java:20)
at java.base/java.util.ArrayList.forEach(ArrayList.java:1596)
... Removed 25 stack frames]]>
    </failure>
  </testcase> <!-- verifyUICases -->
  <testcase classname="com.ui.base.BaseTest" name="@BeforeSuite beforeSuite" time="0.0">
    <ignored/>
  </testcase> <!-- @BeforeSuite beforeSuite -->
  <testcase classname="com.ui.base.BaseTest" name="@AfterSuite afterSuite" time="0.0">
    <ignored/>
  </testcase> <!-- @AfterSuite afterSuite -->
</testsuite> <!-- Test -->
